<?xml version="1.0" encoding="UTF-8"?>
<!-- Generated by org.testng.reporters.JUnitXMLReporter -->
<testsuite hostname="SGMacBookPROs-MacBook-Pro.local" name="Sanity Tests" tests="3" failures="3" timestamp="15 Oct 2015 08:53:03 GMT" time="44.97" errors="0">
  <testcase name="loginSample" time="36.88" classname="Native.SanityAndroid">
    <failure type="java.lang.NullPointerException" message="null value in entry: bundleId=null">
      <![CDATA[java.lang.NullPointerException: null value in entry: bundleId=null
	at com.google.common.collect.CollectPreconditions.checkEntryNotNull(CollectPreconditions.java:33)
	at com.google.common.collect.SingletonImmutableBiMap.<init>(SingletonImmutableBiMap.java:39)
	at com.google.common.collect.ImmutableBiMap.of(ImmutableBiMap.java:57)
	at com.google.common.collect.ImmutableMap.of(ImmutableMap.java:80)
	at io.appium.java_client.AppiumDriver.isAppInstalled(AppiumDriver.java:211)
	at Native.SanityAndroid.loginSample(SanityAndroid.java:108)
... Removed 24 stack frames]]>
    </failure>
  </testcase> <!-- loginSample -->
  <testcase name="loginSample" time="4.007" classname="Native.SanityAndroid">
    <failure type="java.lang.NullPointerException" message="null value in entry: bundleId=null">
      <![CDATA[java.lang.NullPointerException: null value in entry: bundleId=null
	at com.google.common.collect.CollectPreconditions.checkEntryNotNull(CollectPreconditions.java:33)
	at com.google.common.collect.SingletonImmutableBiMap.<init>(SingletonImmutableBiMap.java:39)
	at com.google.common.collect.ImmutableBiMap.of(ImmutableBiMap.java:57)
	at com.google.common.collect.ImmutableMap.of(ImmutableMap.java:80)
	at io.appium.java_client.AppiumDriver.isAppInstalled(AppiumDriver.java:211)
	at Native.SanityAndroid.loginSample(SanityAndroid.java:108)
... Removed 24 stack frames]]>
    </failure>
  </testcase> <!-- loginSample -->
  <testcase name="loginSample" time="2.653" classname="Native.SanityAndroid">
    <failure type="java.lang.NullPointerException" message="null value in entry: bundleId=null">
      <![CDATA[java.lang.NullPointerException: null value in entry: bundleId=null
	at com.google.common.collect.CollectPreconditions.checkEntryNotNull(CollectPreconditions.java:33)
	at com.google.common.collect.SingletonImmutableBiMap.<init>(SingletonImmutableBiMap.java:39)
	at com.google.common.collect.ImmutableBiMap.of(ImmutableBiMap.java:57)
	at com.google.common.collect.ImmutableMap.of(ImmutableMap.java:80)
	at io.appium.java_client.AppiumDriver.isAppInstalled(AppiumDriver.java:211)
	at Native.SanityAndroid.loginSample(SanityAndroid.java:108)
... Removed 24 stack frames]]>
    </failure>
  </testcase> <!-- loginSample -->
</testsuite> <!-- Sanity Tests -->
