<?xml version="1.0" encoding="UTF-8"?>
<!-- Generated by org.testng.reporters.JUnitXMLReporter -->
<testsuite hostname="SGMacBookPROs-MacBook-Pro.local" name="Sanity Tests" tests="2" failures="1" timestamp="8 Sep 2015 12:21:46 GMT" time="674.794" errors="0">
  <testcase name="loginSample" time="182.923" classname="Native.SanityAndroid">
    <failure type="com.applitools.eyes.NewTestException" message="&amp;apos;Droid_SampleApp- Daily Sales Last 12 Months - Sparklines&amp;apos; of &amp;apos;Droid_SG&amp;apos;. Please approve the new baseline at https://eyes.applitools.com/app/sessions/251960586395449">
      <![CDATA[com.applitools.eyes.NewTestException: 'Droid_SampleApp- Daily Sales Last 12 Months - Sparklines' of 'Droid_SG'. Please approve the new baseline at https://eyes.applitools.com/app/sessions/251960586395449
	at com.applitools.eyes.EyesBase.close(EyesBase.java:521)
	at com.applitools.eyes.Eyes.close(Eyes.java:22)
	at com.applitools.eyes.EyesBase.close(EyesBase.java:444)
	at com.applitools.eyes.Eyes.close(Eyes.java:22)
	at Native.DroidMethods.eyesCheckWindow(DroidMethods.java:77)
	at Native.SanityAndroid.loginSample(SanityAndroid.java:158)
... Removed 24 stack frames]]>
    </failure>
  </testcase> <!-- loginSample -->
  <testcase name="loginSample" time="406.06" classname="Native.SanityAndroid"/>
</testsuite> <!-- Sanity Tests -->
