<?xml version="1.0" encoding="UTF-8"?>
<testng-results skipped="0" failed="1" total="2" passed="1">
  <reporter-output>
  </reporter-output>
  <suite name="Suite" duration-ms="674794" started-at="2015-09-08T12:10:31Z" finished-at="2015-09-08T12:21:46Z">
    <groups>
      <group name="Sanity Android">
        <method signature="SanityAndroid.loginSample()[pri:0, instance:Native.SanityAndroid@60b4beb4]" name="loginSample" class="Native.SanityAndroid"/>
      </group> <!-- Sanity Android -->
    </groups>
    <test name="Sanity Tests" duration-ms="674794" started-at="2015-09-08T12:10:31Z" finished-at="2015-09-08T12:21:46Z">
      <class name="Native.SanityAndroid">
        <test-method status="PASS" signature="setupBeforeSuite(org.testng.ITestContext)[pri:0, instance:Native.SanityAndroid@60b4beb4]" name="setupBeforeSuite" is-config="true" duration-ms="45767" started-at="2015-09-08T15:09:45Z" finished-at="2015-09-08T15:10:31Z">
          <params>
            <param index="0">
              <value>
                <![CDATA[org.testng.TestRunner@3d20e575]]>
              </value>
            </param>
          </params>
          <reporter-output>
          </reporter-output>
        </test-method> <!-- setupBeforeSuite -->
        <test-method status="PASS" signature="checkHomeScreen()[pri:0, instance:Native.SanityAndroid@60b4beb4]" name="checkHomeScreen" is-config="true" duration-ms="871" started-at="2015-09-08T15:10:31Z" finished-at="2015-09-08T15:10:32Z">
          <reporter-output>
          </reporter-output>
        </test-method> <!-- checkHomeScreen -->
        <test-method status="FAIL" signature="loginSample()[pri:0, instance:Native.SanityAndroid@60b4beb4]" name="loginSample" duration-ms="182923" started-at="2015-09-08T15:10:32Z" description="Test the login via the sample button" finished-at="2015-09-08T15:13:35Z">
          <exception class="com.applitools.eyes.NewTestException">
            <message>
              <![CDATA['Droid_SampleApp- Daily Sales Last 12 Months - Sparklines' of 'Droid_SG'. Please approve the new baseline at https://eyes.applitools.com/app/sessions/251960586395449]]>
            </message>
            <full-stacktrace>
              <![CDATA[com.applitools.eyes.NewTestException: 'Droid_SampleApp- Daily Sales Last 12 Months - Sparklines' of 'Droid_SG'. Please approve the new baseline at https://eyes.applitools.com/app/sessions/251960586395449
	at com.applitools.eyes.EyesBase.close(EyesBase.java:521)
	at com.applitools.eyes.Eyes.close(Eyes.java:22)
	at com.applitools.eyes.EyesBase.close(EyesBase.java:444)
	at com.applitools.eyes.Eyes.close(Eyes.java:22)
	at Native.DroidMethods.eyesCheckWindow(DroidMethods.java:77)
	at Native.SanityAndroid.loginSample(SanityAndroid.java:158)
	at sun.reflect.NativeMethodAccessorImpl.invoke0(Native Method)
	at sun.reflect.NativeMethodAccessorImpl.invoke(NativeMethodAccessorImpl.java:62)
	at sun.reflect.DelegatingMethodAccessorImpl.invoke(DelegatingMethodAccessorImpl.java:43)
	at java.lang.reflect.Method.invoke(Method.java:497)
	at org.testng.internal.MethodInvocationHelper.invokeMethod(MethodInvocationHelper.java:84)
	at org.testng.internal.Invoker.invokeMethod(Invoker.java:714)
	at org.testng.internal.Invoker.invokeTestMethod(Invoker.java:901)
	at org.testng.internal.Invoker.invokeTestMethods(Invoker.java:1231)
	at org.testng.internal.TestMethodWorker.invokeTestMethods(TestMethodWorker.java:127)
	at org.testng.internal.TestMethodWorker.run(TestMethodWorker.java:111)
	at org.testng.TestRunner.privateRun(TestRunner.java:767)
	at org.testng.TestRunner.run(TestRunner.java:617)
	at org.testng.SuiteRunner.runTest(SuiteRunner.java:334)
	at org.testng.SuiteRunner.runSequentially(SuiteRunner.java:329)
	at org.testng.SuiteRunner.privateRun(SuiteRunner.java:291)
	at org.testng.SuiteRunner.run(SuiteRunner.java:240)
	at org.testng.SuiteRunnerWorker.runSuite(SuiteRunnerWorker.java:52)
	at org.testng.SuiteRunnerWorker.run(SuiteRunnerWorker.java:86)
	at org.testng.TestNG.runSuitesSequentially(TestNG.java:1224)
	at org.testng.TestNG.runSuitesLocally(TestNG.java:1149)
	at org.testng.TestNG.run(TestNG.java:1057)
	at org.testng.remote.RemoteTestNG.run(RemoteTestNG.java:111)
	at org.testng.remote.RemoteTestNG.initAndRun(RemoteTestNG.java:204)
	at org.testng.remote.RemoteTestNG.main(RemoteTestNG.java:175)
]]>
            </full-stacktrace>
          </exception> <!-- com.applitools.eyes.NewTestException -->
          <reporter-output>
          </reporter-output>
        </test-method> <!-- loginSample -->
        <test-method status="PASS" signature="checkHomeScreen()[pri:0, instance:Native.SanityAndroid@60b4beb4]" name="checkHomeScreen" is-config="true" duration-ms="84923" started-at="2015-09-08T15:13:35Z" finished-at="2015-09-08T15:15:00Z">
          <reporter-output>
          </reporter-output>
        </test-method> <!-- checkHomeScreen -->
        <test-method status="PASS" signature="loginSample()[pri:0, instance:Native.SanityAndroid@60b4beb4]" name="loginSample" duration-ms="406060" started-at="2015-09-08T15:15:00Z" description="Test the login via the sample button" finished-at="2015-09-08T15:21:46Z">
          <reporter-output>
          </reporter-output>
        </test-method> <!-- loginSample -->
        <test-method status="PASS" signature="tearDown()[pri:0, instance:Native.SanityAndroid@60b4beb4]" name="tearDown" is-config="true" duration-ms="16139" started-at="2015-09-08T15:21:46Z" finished-at="2015-09-08T15:22:02Z">
          <reporter-output>
          </reporter-output>
        </test-method> <!-- tearDown -->
      </class> <!-- Native.SanityAndroid -->
    </test> <!-- Sanity Tests -->
  </suite> <!-- Suite -->
</testng-results>
